
                  @@@@@@@                             @@@@ @  
                    @@   @@                         @@    @@  
                    @@    @@                       @@      @  
                    @@    @@     @@@       @@@    @@          
                    @@   @@    @@   @@   @@   @@  @@          
                    @@@@@@    @@     @@ @@     @@ @@     @@@@@
                    @@    @@  @@     @@ @@     @@ @@     @ @@ 
                    @@     @@ @@     @@ @@     @@ @@    @  @@ 
                    @@     @@ @@     @@ @@     @@  @@      @@ 
                    @@    @@   @@   @@   @@   @@    @@    @@  
                  @@@@@@@@       @@@       @@@        @@@@    

                         Binding and Optimizing On Gates

             Alliance CAD System 5.0 20090901, boog 5.0 [2003/01/09]
             Copyright (c) 2000-2019,                 ASIM/LIP6/UPMC
             Author(s):                              François Donnet
             E-mail        :             alliance-users@asim.lip6.fr

        MBK_VDD        : vdd
        MBK_VSS        : vss
        MBK_IN_LO      : vst
        MBK_OUT_LO     : vst
        MBK_WORK_LIB   : .
        MBK_TARGET_LIB : /usr/lib64/alliance/cells/sxlib

Reading parameter file 'laxfile.lax'...
50% area - 50% delay optimization
Reading file 'digicodej_b.vbe'...
Controlling file 'laxfile.lax'...
Controlling file 'digicodej_b.vbe'...
Reading lib '/usr/lib64/alliance/cells/sxlib'...
Controlling lib '/usr/lib64/alliance/cells/sxlib'...
Preparing file 'digicodej_b.vbe'...
Capacitances on file 'digicodej_b.vbe'...
Unflattening file 'digicodej_b.vbe'...
Mapping file 'digicodej_b.vbe'...
Saving file 'digicodej_b.vst'...
Quick estimated critical path (no warranty)...1674 ps from 'digicode_cs 0' to 'digicode_cs 0'
Quick estimated area (with over-cell routing)...52500 lambda²
Details...
	inv_x2: 8
	na3_x1: 4
	no3_x1: 4
	no2_x1: 3
	sff1_x4: 3
	na2_x1: 3
	o2_x2: 3
	na4_x1: 2
	nao22_x1: 2
	a2_x2: 2
	no4_x1: 1
	a4_x2: 1
	a3_x2: 1
	Total: 37
Saving critical path in xsch color file 'digicodej_b.xsc'...
End of boog...

