
                   @@@@@@                          @@@    @@@
                     @@                             @@     @ 
                     @@                             @@@    @ 
                     @@           @@@       @@@     @ @@   @ 
                     @@         @@   @@   @@   @@   @ @@   @ 
                     @@        @@     @@ @@     @@  @  @@  @ 
                     @@        @@     @@ @@     @@  @   @@ @ 
                     @@        @@     @@ @@     @@  @   @@ @ 
                     @@      @ @@     @@ @@     @@  @    @@@ 
                     @@     @   @@   @@   @@   @@   @     @@ 
                   @@@@@@@@@@     @@@       @@@    @@@    @@ 

                           Local optimization on Nets

             Alliance CAD System 5.0 20090901, loon 5.0 [2003/12/07]
             Copyright (c) 2000-2019,                 ASIM/LIP6/UPMC
             Author(s):                              François Donnet
             E-mail        :             alliance-users@asim.lip6.fr

	MBK_IN_LO	: vst
	MBK_OUT_LO	: vst
	MBK_TARGET_LIB	: /usr/lib64/alliance/cells/sxlib

Reading parameter file 'laxfile.lax'...
50% area - 50% delay optimization
Reading file 'digicodem_b.vst'...
Controlling file 'laxfile.lax'...
Reading lib '/usr/lib64/alliance/cells/sxlib'...
Capacitances on file 'digicodem_b.vst'...
Delays on file 'digicodem_b.vst'...2229 ps
Area on file 'digicodem_b.vst'...50750 lamda² (with over-cell routing)
Details...
	inv_x2: 5 (7%)
	o2_x2: 4 (9%)
	no2_x1: 3 (5%)
	sff1_x4: 3 (26%)
	a2_x2: 3 (7%)
	on12_x1: 3 (7%)
	a3_x2: 2 (5%)
	nao22_x1: 2 (5%)
	noa2ao222_x1: 1 (3%)
	oa22_x2: 1 (2%)
	no4_x1: 1 (2%)
	na3_x1: 1 (2%)
	na4_x1: 1 (2%)
	o4_x2: 1 (3%)
	an12_x1: 1 (2%)
	o3_x2: 1 (2%)
	Total: 33
Worst RC on file 'digicodem_b.vst'...342 ps
Inserting buffers on critical path for file 'digicodem_b_l.vst'...2 buffers inserted -> 2182 ps
Improving RC on critical path for file 'digicodem_b_l.vst'...2119 ps
Improving all RC for file 'digicodem_b_l.vst'...
Worst RC on file 'digicodem_b_l.vst'...342 ps
Area on file 'digicodem_b_l.vst'...53000 lamda² (with over-cell routing)
Details...
	inv_x2: 4 (5%)
	o2_x2: 4 (9%)
	no2_x1: 3 (5%)
	sff1_x4: 3 (25%)
	a2_x2: 3 (7%)
	on12_x1: 3 (7%)
	buf_x2: 2 (3%)
	a3_x2: 2 (5%)
	nao22_x1: 2 (5%)
	noa2ao222_x1: 1 (3%)
	oa22_x2: 1 (2%)
	no4_x1: 1 (2%)
	na3_x1: 1 (2%)
	na4_x1: 1 (2%)
	o4_x2: 1 (3%)
	an12_x1: 1 (2%)
	inv_x4: 1 (1%)
	o3_x2: 1 (2%)
	Total: 35
Critical path (no warranty)...2119 ps from 'digicode_cs 0' to 'digicode_cs_0_ins'
Saving file 'digicodem_b_l.vst'...
Saving critical path in xsch color file 'digicodem_b_l.xsc'...
End of loon...

