
                   @@@@@@                          @@@    @@@
                     @@                             @@     @ 
                     @@                             @@@    @ 
                     @@           @@@       @@@     @ @@   @ 
                     @@         @@   @@   @@   @@   @ @@   @ 
                     @@        @@     @@ @@     @@  @  @@  @ 
                     @@        @@     @@ @@     @@  @   @@ @ 
                     @@        @@     @@ @@     @@  @   @@ @ 
                     @@      @ @@     @@ @@     @@  @    @@@ 
                     @@     @   @@   @@   @@   @@   @     @@ 
                   @@@@@@@@@@     @@@       @@@    @@@    @@ 

                           Local optimization on Nets

             Alliance CAD System 5.0 20090901, loon 5.0 [2003/12/07]
             Copyright (c) 2000-2019,                 ASIM/LIP6/UPMC
             Author(s):                              François Donnet
             E-mail        :             alliance-users@asim.lip6.fr

	MBK_IN_LO	: vst
	MBK_OUT_LO	: vst
	MBK_TARGET_LIB	: /usr/lib64/alliance/cells/sxlib

Reading parameter file 'laxfile.lax'...
50% area - 50% delay optimization
Reading file 'digicodej_b.vst'...
Controlling file 'laxfile.lax'...
Reading lib '/usr/lib64/alliance/cells/sxlib'...
Capacitances on file 'digicodej_b.vst'...
Delays on file 'digicodej_b.vst'...1858 ps
Area on file 'digicodej_b.vst'...52500 lamda² (with over-cell routing)
Details...
	inv_x2: 8 (11%)
	na3_x1: 4 (9%)
	no3_x1: 4 (9%)
	no2_x1: 3 (5%)
	sff1_x4: 3 (25%)
	na2_x1: 3 (5%)
	o2_x2: 3 (7%)
	na4_x1: 2 (5%)
	nao22_x1: 2 (5%)
	a2_x2: 2 (4%)
	no4_x1: 1 (2%)
	a4_x2: 1 (3%)
	a3_x2: 1 (2%)
	Total: 37
Worst RC on file 'digicodej_b.vst'...342 ps
Inserting buffers on critical path for file 'digicodej_b_l.vst'...None inserted
Improving RC on critical path for file 'digicodej_b_l.vst'...1836 ps
Improving all RC for file 'digicodej_b_l.vst'...
Worst RC on file 'digicodej_b_l.vst'...342 ps
Area on file 'digicodej_b_l.vst'...52750 lamda² (with over-cell routing)
Details...
	inv_x2: 7 (9%)
	na3_x1: 4 (9%)
	no3_x1: 4 (9%)
	no2_x1: 3 (5%)
	sff1_x4: 3 (25%)
	na2_x1: 3 (5%)
	o2_x2: 3 (7%)
	na4_x1: 2 (5%)
	nao22_x1: 2 (5%)
	a2_x2: 2 (4%)
	no4_x1: 1 (2%)
	a4_x2: 1 (3%)
	a3_x2: 1 (2%)
	inv_x4: 1 (1%)
	Total: 37
Critical path (no warranty)...1836 ps from 'digicode_cs 2' to 'digicode_cs_0_ins'
Saving file 'digicodej_b_l.vst'...
Saving critical path in xsch color file 'digicodej_b_l.xsc'...
End of loon...

