
                   @@@@@@                          @@@    @@@
                     @@                             @@     @ 
                     @@                             @@@    @ 
                     @@           @@@       @@@     @ @@   @ 
                     @@         @@   @@   @@   @@   @ @@   @ 
                     @@        @@     @@ @@     @@  @  @@  @ 
                     @@        @@     @@ @@     @@  @   @@ @ 
                     @@        @@     @@ @@     @@  @   @@ @ 
                     @@      @ @@     @@ @@     @@  @    @@@ 
                     @@     @   @@   @@   @@   @@   @     @@ 
                   @@@@@@@@@@     @@@       @@@    @@@    @@ 

                           Local optimization on Nets

             Alliance CAD System 5.0 20090901, loon 5.0 [2003/12/07]
             Copyright (c) 2000-2019,                 ASIM/LIP6/UPMC
             Author(s):                              François Donnet
             E-mail        :             alliance-users@asim.lip6.fr

	MBK_IN_LO	: vst
	MBK_OUT_LO	: vst
	MBK_TARGET_LIB	: /usr/lib64/alliance/cells/sxlib

Reading parameter file 'laxfile.lax'...
50% area - 50% delay optimization
Reading file 'digicoder_b.vst'...
Controlling file 'laxfile.lax'...
Reading lib '/usr/lib64/alliance/cells/sxlib'...
Capacitances on file 'digicoder_b.vst'...
Delays on file 'digicoder_b.vst'...2651 ps
Area on file 'digicoder_b.vst'...68000 lamda² (with over-cell routing)
Details...
	inv_x2: 9 (9%)
	no3_x1: 6 (11%)
	a2_x2: 5 (9%)
	na2_x1: 4 (5%)
	no2_x1: 3 (4%)
	sff1_x4: 3 (19%)
	o2_x2: 3 (5%)
	na4_x1: 3 (6%)
	oa22_x2: 2 (4%)
	na3_x1: 2 (3%)
	nao22_x1: 2 (4%)
	nxr2_x1: 2 (6%)
	noa22_x1: 2 (4%)
	on12_x1: 1 (1%)
	no4_x1: 1 (2%)
	Total: 48
Worst RC on file 'digicoder_b.vst'...342 ps
Inserting buffers on critical path for file 'digicoder_b_l.vst'...1 buffer inserted -> 2620 ps
Improving RC on critical path for file 'digicoder_b_l.vst'...2536 ps
Improving all RC for file 'digicoder_b_l.vst'...
Worst RC on file 'digicoder_b_l.vst'...342 ps
Area on file 'digicoder_b_l.vst'...70000 lamda² (with over-cell routing)
Details...
	inv_x2: 8 (8%)
	no3_x1: 6 (10%)
	a2_x2: 5 (8%)
	na2_x1: 4 (5%)
	no2_x1: 3 (4%)
	sff1_x4: 3 (19%)
	o2_x2: 3 (5%)
	na4_x1: 3 (6%)
	oa22_x2: 2 (4%)
	na3_x1: 2 (3%)
	nao22_x1: 2 (4%)
	nxr2_x1: 2 (6%)
	noa22_x1: 2 (4%)
	buf_x2: 1 (1%)
	on12_x1: 1 (1%)
	no4_x1: 1 (2%)
	inv_x8: 1 (2%)
	Total: 49
Critical path (no warranty)...2536 ps from 'digicode_cs 1' to 'digicode_cs_2_ins'
Saving file 'digicoder_b_l.vst'...
Saving critical path in xsch color file 'digicoder_b_l.xsc'...
End of loon...

