
                  @@@@@@@                             @@@@ @  
                    @@   @@                         @@    @@  
                    @@    @@                       @@      @  
                    @@    @@     @@@       @@@    @@          
                    @@   @@    @@   @@   @@   @@  @@          
                    @@@@@@    @@     @@ @@     @@ @@     @@@@@
                    @@    @@  @@     @@ @@     @@ @@     @ @@ 
                    @@     @@ @@     @@ @@     @@ @@    @  @@ 
                    @@     @@ @@     @@ @@     @@  @@      @@ 
                    @@    @@   @@   @@   @@   @@    @@    @@  
                  @@@@@@@@       @@@       @@@        @@@@    

                         Binding and Optimizing On Gates

             Alliance CAD System 5.0 20090901, boog 5.0 [2003/01/09]
             Copyright (c) 2000-2019,                 ASIM/LIP6/UPMC
             Author(s):                              François Donnet
             E-mail        :             alliance-users@asim.lip6.fr

        MBK_VDD        : vdd
        MBK_VSS        : vss
        MBK_IN_LO      : vst
        MBK_OUT_LO     : vst
        MBK_WORK_LIB   : .
        MBK_TARGET_LIB : /usr/lib64/alliance/cells/sxlib

Reading parameter file 'laxfile.lax'...
50% area - 50% delay optimization
Reading file 'digicodem_b.vbe'...
Controlling file 'laxfile.lax'...
Controlling file 'digicodem_b.vbe'...
Reading lib '/usr/lib64/alliance/cells/sxlib'...
Controlling lib '/usr/lib64/alliance/cells/sxlib'...
Preparing file 'digicodem_b.vbe'...
Capacitances on file 'digicodem_b.vbe'...
Unflattening file 'digicodem_b.vbe'...
Mapping file 'digicodem_b.vbe'...
Saving file 'digicodem_b.vst'...
Adding signal 'not_digicode_cs 1'
Quick estimated critical path (no warranty)...1566 ps from 'digicode_cs 2' to 'digicode_cs 0'
Quick estimated area (with over-cell routing)...50750 lambda²
Details...
	inv_x2: 5
	o2_x2: 4
	no2_x1: 3
	sff1_x4: 3
	a2_x2: 3
	on12_x1: 3
	a3_x2: 2
	nao22_x1: 2
	noa2ao222_x1: 1
	oa22_x2: 1
	no4_x1: 1
	na3_x1: 1
	na4_x1: 1
	o4_x2: 1
	an12_x1: 1
	o3_x2: 1
	Total: 33
Saving critical path in xsch color file 'digicodem_b.xsc'...
End of boog...

