
                  @@@@@@@                             @@@@ @  
                    @@   @@                         @@    @@  
                    @@    @@                       @@      @  
                    @@    @@     @@@       @@@    @@          
                    @@   @@    @@   @@   @@   @@  @@          
                    @@@@@@    @@     @@ @@     @@ @@     @@@@@
                    @@    @@  @@     @@ @@     @@ @@     @ @@ 
                    @@     @@ @@     @@ @@     @@ @@    @  @@ 
                    @@     @@ @@     @@ @@     @@  @@      @@ 
                    @@    @@   @@   @@   @@   @@    @@    @@  
                  @@@@@@@@       @@@       @@@        @@@@    

                         Binding and Optimizing On Gates

             Alliance CAD System 5.0 20090901, boog 5.0 [2003/01/09]
             Copyright (c) 2000-2019,                 ASIM/LIP6/UPMC
             Author(s):                              François Donnet
             E-mail        :             alliance-users@asim.lip6.fr

        MBK_VDD        : vdd
        MBK_VSS        : vss
        MBK_IN_LO      : vst
        MBK_OUT_LO     : vst
        MBK_WORK_LIB   : .
        MBK_TARGET_LIB : /usr/lib64/alliance/cells/sxlib

Reading parameter file 'laxfile.lax'...
50% area - 50% delay optimization
Reading file 'digicodeo_b.vbe'...
Controlling file 'laxfile.lax'...
Controlling file 'digicodeo_b.vbe'...
Reading lib '/usr/lib64/alliance/cells/sxlib'...
Controlling lib '/usr/lib64/alliance/cells/sxlib'...
Preparing file 'digicodeo_b.vbe'...
Capacitances on file 'digicodeo_b.vbe'...
Unflattening file 'digicodeo_b.vbe'...
Mapping file 'digicodeo_b.vbe'...
Saving file 'digicodeo_b.vst'...
Adding signal 'not_digicode_cs 5'
Quick estimated critical path (no warranty)...1853 ps from 'digicode_cs 6' to 'digicode_cs 0'
Quick estimated area (with over-cell routing)...81000 lambda²
Details...
	inv_x2: 8
	sff1_x4: 7
	no2_x1: 7
	o2_x2: 7
	no3_x1: 4
	buf_x2: 2
	a2_x2: 2
	on12_x1: 2
	ao22_x2: 2
	a4_x2: 2
	o3_x2: 1
	nao2o22_x1: 1
	oa2a22_x2: 1
	na2_x1: 1
	an12_x1: 1
	a3_x2: 1
	Total: 49
Saving critical path in xsch color file 'digicodeo_b.xsc'...
End of boog...

