
                   @@@@@@                          @@@    @@@
                     @@                             @@     @ 
                     @@                             @@@    @ 
                     @@           @@@       @@@     @ @@   @ 
                     @@         @@   @@   @@   @@   @ @@   @ 
                     @@        @@     @@ @@     @@  @  @@  @ 
                     @@        @@     @@ @@     @@  @   @@ @ 
                     @@        @@     @@ @@     @@  @   @@ @ 
                     @@      @ @@     @@ @@     @@  @    @@@ 
                     @@     @   @@   @@   @@   @@   @     @@ 
                   @@@@@@@@@@     @@@       @@@    @@@    @@ 

                           Local optimization on Nets

             Alliance CAD System 5.0 20090901, loon 5.0 [2003/12/07]
             Copyright (c) 2000-2019,                 ASIM/LIP6/UPMC
             Author(s):                              François Donnet
             E-mail        :             alliance-users@asim.lip6.fr

	MBK_IN_LO	: vst
	MBK_OUT_LO	: vst
	MBK_TARGET_LIB	: /usr/lib64/alliance/cells/sxlib

Reading parameter file 'laxfile.lax'...
50% area - 50% delay optimization
Reading file 'digicodeo_b.vst'...
Controlling file 'laxfile.lax'...
Reading lib '/usr/lib64/alliance/cells/sxlib'...
Capacitances on file 'digicodeo_b.vst'...
Delays on file 'digicodeo_b.vst'...2919 ps
Area on file 'digicodeo_b.vst'...81000 lamda² (with over-cell routing)
Details...
	inv_x2: 8 (7%)
	sff1_x4: 7 (38%)
	no2_x1: 7 (8%)
	o2_x2: 7 (10%)
	no3_x1: 4 (6%)
	buf_x2: 2 (2%)
	a2_x2: 2 (3%)
	on12_x1: 2 (3%)
	ao22_x2: 2 (3%)
	a4_x2: 2 (4%)
	o3_x2: 1 (1%)
	nao2o22_x1: 1 (2%)
	oa2a22_x2: 1 (2%)
	na2_x1: 1 (1%)
	an12_x1: 1 (1%)
	a3_x2: 1 (1%)
	Total: 49
Worst RC on file 'digicodeo_b.vst'...170 ps
Inserting buffers on critical path for file 'digicodeo_b_l.vst'...3 buffers inserted -> 2893 ps
Improving RC on critical path for file 'digicodeo_b_l.vst'...2805 ps
Improving all RC for file 'digicodeo_b_l.vst'...
Worst RC on file 'digicodeo_b_l.vst'...170 ps
Area on file 'digicodeo_b_l.vst'...85000 lamda² (with over-cell routing)
Details...
	sff1_x4: 7 (37%)
	no2_x1: 7 (8%)
	o2_x2: 7 (10%)
	inv_x2: 7 (6%)
	buf_x2: 5 (5%)
	no3_x1: 4 (5%)
	a2_x2: 2 (2%)
	on12_x1: 2 (2%)
	ao22_x2: 2 (3%)
	a4_x2: 2 (4%)
	o3_x2: 1 (1%)
	nao2o22_x1: 1 (2%)
	oa2a22_x2: 1 (2%)
	na2_x1: 1 (1%)
	inv_x4: 1 (1%)
	an12_x4: 1 (2%)
	a3_x2: 1 (1%)
	Total: 52
Critical path (no warranty)...2805 ps from 'digicode_cs 6' to 'digicode_cs_0_ins'
Saving file 'digicodeo_b_l.vst'...
Saving critical path in xsch color file 'digicodeo_b_l.xsc'...
End of loon...

